El
Punto
"."
El
punto
es
interpretado
por
el
motor
de
búsqueda
como
cualquier
carácter
excepto
los
caracteres
que
representan
un
salto
de
línea
,
a
menos
que
se
le
especifique
esto
al
motor
de
Expresiones
Regulares.
Por
lo
tanto
si
esta
opción
se
deshabilita
en
el
motor
de
búsqueda
que
se
utilice
,
el
punto
le
dir
á
al
motor
que
encuentre
cualquier
carácter
incluyendo
los
saltos
de
línea
.
En
la
herramienta
EditPad
Pro
esto
se
hace
por
medio
de
la
opción
"
punto
corresponde
a
nueva
línea
"
en
las
opciones
de
búsqueda
.
En
.
Net
Framework
se
utiliza
la
opción
RegexOptions
.
Singleline
al
efectuar
la
búsqueda
o
crear
la
expresión
regular
.
El
punto
se
utiliza
de
la
siguiente
forma
:
Si
se
le
dice
al
motor
de
RegEx
que
busque
"
g.t
"
en
la
cadena
"
el
gato
de
piedra
en
la
gótica
puerta
de
getisboro
goot
"
el
motor
de
búsqueda
encontrar
á
"
gat
"
,
"
gót
"
y
por
ú
ltimo
"
get
"
.
Nótese
que
el
motor
de
búsqueda
no
encuentra
"
goot
"
;
esto
es
porque
el
punto
representa
un
solo
carácter
y
ú
nicamente
uno
.
Si
es
necesario
que
el
motor
encuentra
también
la
expresión
"
goot
"
,
ser
á
necesario
utilizar
repeticiones
,
las
cuales
se
explican
más
adelante
.
Aunque
el
punto
es
muy
ú
til
para
encontrar
caracteres
que
no
conocemos
,
es
necesario
recordar
que
corresponde
a
cualquier
carácter
y
que
muchas
veces
esto
no
es
lo
que
se
requiere
.
Es
muy
diferente
buscar
cualquier
carácter
que
buscar
cualquier
carácter
alfanumérico
o
cualquier
dígito
o
cualquier
no-dígito
o
cualquier
no-alfanumérico
.
Se
debe
tomar
esto
en
cuenta
antes
de
utilizar
el
punto
y
obtener
resultados
no
deseados
.
<PP>
El
asterisco
"*"
El
asterisco
sirve
para
encontrar
algo
que
se
encuentra
repetido
0
o
más
veces
.
Por
ejemplo
,
utilizando
la
expresión
"
[
a-zA-Z]\d
*
"
ser
á
posible
encontrar
tanto
"
H
"
como
"
H1
"
,
"
H01
"
,
"
H100
"
y
"
H1000
"
,
es
decir
,
una
letra
seguida
de
un
número
indefinido
de
dígitos
.
Es
necesario
tener
cuidado
con
el
comportamiento
del
asterisco
,
ya
que
é
ste
,
por
defecto
,
trata
de
encontrar
la
mayor
cantidad
posible
de
caracteres
que
correspondan
con
el
patrón
que
se
busca
.
De
esta
forma
si
se
utiliza
"\(.*\)"
para
encontrar
cualquier
cadena
que
se
encuentre
entre
paréntesis
y
se
lo
aplica
sobre
el
texto
"
Ver
(
Fig
.
1
)
y
(
Fig
.
2
)
"
se
esperaría
que
el
motor
de
búsqueda
encuentre
los
textos
"
(
Fig
.
1
)
"
y
"
(
Fig
.
2
)
"
,
sin
embargo
,
debido
a
esta
característica
,
en
su
lugar
encontrar
á
el
texto
"
(
Fig
.
1
)
y
(
Fig
.
2
)
"
.
Esto
sucede
porque
el
asterisco
le
dice
al
motor
de
búsqueda
que
llene
todos
los
espacios
posibles
entre
los
dos
paréntesis
.
Para
obtener
el
resultado
deseado
se
debe
utilizar
el
asterisco
en
conjunto
con
el
signo
de
pregunta
de
la
siguiente
forma
:
"\(.*?\)"
Esto
es
equivalente
a
decirle
al
motor
de
búsqueda
que
"
Encuentre
un
paréntesis
de
apertura
y
luego
encuentre
cualquier
secuencia
de
caracteres
hasta
que
encuentre
un
paréntesis
de
cierre
"
.
<PP>
Fuente
:
http://es.wikipedia.org/wiki/Expresión_regular
